<?xml version="1.0" encoding="UTF-8"?>
<testsuite name="cs3500.pa05.model.TaskTest" tests="2" skipped="0" failures="0" errors="0" timestamp="2023-06-22T16:29:04" hostname="Mias-MacBook-Pro.local" time="0.007">
  <properties/>
  <testcase name="testBuddies()" classname="cs3500.pa05.model.TaskTest" time="0.002"/>
  <testcase name="testTaskInitialization()" classname="cs3500.pa05.model.TaskTest" time="0.005"/>
  <system-out><![CDATA[]]></system-out>
  <system-err><![CDATA[]]></system-err>
</testsuite>
