<?xml version="1.0" encoding="UTF-8"?>
<testsuite name="cs3500.pa05.model.json.TimeJsonTest" tests="1" skipped="0" failures="0" errors="0" timestamp="2023-06-22T16:29:04" hostname="Mias-MacBook-Pro.local" time="0.001">
  <properties/>
  <testcase name="testInitialization()" classname="cs3500.pa05.model.json.TimeJsonTest" time="0.001"/>
  <system-out><![CDATA[]]></system-out>
  <system-err><![CDATA[]]></system-err>
</testsuite>
